Flutter crash report.
Please report a bug at https://github.com/flutter/flutter/issues.

## command

flutter run

## exception

RPCError: _flutter.listViews: (-32000) Bad state: The client closed with pending request "_flutter.listViews".

```
```

## flutter doctor

```
[✓] Flutter (Channel beta, 1.24.0-10.2.pre, on macOS 11.1 20C69 darwin-arm,
    locale en-IN)
    • Flutter version 1.24.0-10.2.pre at /Users/shivamkumar/Developer/flutter
    • Framework revision 022b333a08 (8 weeks ago), 2020-11-18 11:35:09 -0800
    • Engine revision 07c1eed46b
    • Dart version 2.12.0 (build 2.12.0-29.10.beta)

[✓] Android toolchain - develop for Android devices (Android SDK version 30.0.3)
    • Android SDK at /Users/shivamkumar/Library/Android/sdk
    • Platform android-30, build-tools 30.0.3
    • Java binary at: /Applications/Android
      Studio.app/Contents/jre/jdk/Contents/Home/bin/java
    • Java version OpenJDK Runtime Environment (build
      1.8.0_242-release-1644-b3-6915495)
    • All Android licenses accepted.

[✓] Xcode - develop for iOS and macOS (Xcode 12.2)
    • Xcode at /Applications/Xcode.app/Contents/Developer
    • Xcode 12.2, Build version 12B45b
    • CocoaPods version 1.10.0

[✓] Android Studio (version 4.1)
    • Android Studio at /Applications/Android Studio.app/Contents
    • Flutter plugin can be installed from:
      🔨 https://plugins.jetbrains.com/plugin/9212-flutter
    • Dart plugin can be installed from:
      🔨 https://plugins.jetbrains.com/plugin/6351-dart
    • Java version OpenJDK Runtime Environment (build
      1.8.0_242-release-1644-b3-6915495)

[✓] Connected device (1 available)
    • RMX2081 (mobile) • e4bc311b • android-arm64 • Android 10 (API 29)

• No issues found!
```
